<?xml version="1.0" encoding="UTF-8"?>
<testng-results ignored="0" total="1" passed="1" failed="0" skipped="0">
  <reporter-output>
  </reporter-output>
  <suite started-at="2018-10-27T03:51:56Z" name="Default suite" finished-at="2018-10-27T03:51:56Z" duration-ms="31">
    <groups>
    </groups>
    <test started-at="2018-10-27T03:51:56Z" name="Default test" finished-at="2018-10-27T03:51:56Z" duration-ms="31">
      <class name="assertionTest.HardAssertTest">
        <test-method signature="logintest()[pri:0, instance:assertionTest.HardAssertTest@77f80c04]" started-at="2018-10-27T03:51:56Z" name="logintest" finished-at="2018-10-27T03:51:56Z" duration-ms="10" status="PASS">
          <reporter-output>
          </reporter-output>
        </test-method> <!-- logintest -->
      </class> <!-- assertionTest.HardAssertTest -->
    </test> <!-- Default test -->
  </suite> <!-- Default suite -->
</testng-results>
