<?xml version="1.0" encoding="UTF-8"?>
<testng-results ignored="0" total="1" passed="1" failed="0" skipped="0">
  <reporter-output>
  </reporter-output>
  <suite started-at="2018-10-27T11:03:06Z" name="Default suite" finished-at="2018-10-27T11:03:18Z" duration-ms="11763">
    <groups>
    </groups>
    <test started-at="2018-10-27T11:03:06Z" name="Default test" finished-at="2018-10-27T11:03:18Z" duration-ms="11763">
      <class name="sampleTest.SampleTest">
        <test-method signature="sample()[pri:0, instance:sampleTest.SampleTest@ffaa6af]" started-at="2018-10-27T11:03:06Z" name="sample" finished-at="2018-10-27T11:03:18Z" duration-ms="11743" status="PASS">
          <reporter-output>
          </reporter-output>
        </test-method> <!-- sample -->
      </class> <!-- sampleTest.SampleTest -->
    </test> <!-- Default test -->
  </suite> <!-- Default suite -->
</testng-results>
