<?xml version="1.0" encoding="UTF-8"?><testsuite failures="0" name="cucumber.runtime.formatter.JUnitFormatter" skipped="0" tests="4" time="41.504011">
<testcase classname="Validate NTL taxi home page" name="Validate NTL home page with valid data" time="34.316629">
<system-out><![CDATA[Given Open Browser as FIREFOX...............................................passed
Then Enter URL as http://www.ntltaxi.com/...................................passed
Then Enter User name as Radhakrishnan.......................................passed
And Enter phone number as 99999999999.......................................passed
When Select pickup address as Adaya.........................................passed
Then Select drop adress as Tambaram.........................................passed
And Select vehicle type as Sedan............................................passed
But Dont select book button.................................................passed
]]></system-out>
</testcase>
<testcase classname="Validate NTL taxi home page" name="Validate NTL home page with valid data 2" time="2.467708">
<system-out><![CDATA[Given Open Browser as FIREFOX...............................................passed
Then Enter URL as http://www.ntltaxi.com/...................................passed
Then Enter User name as ABC.................................................passed
And Enter phone number as 2222222222........................................passed
When Select pickup address as Adaya.........................................passed
Then Select drop adress as Tambaram.........................................passed
And Select vehicle type as Sedan............................................passed
But Dont select book button.................................................passed
]]></system-out>
</testcase>
<testcase classname="Validate NTL taxi home page" name="Validate NTL home page with valid data 3" time="2.508621">
<system-out><![CDATA[Given Open Browser as FIREFOX...............................................passed
Then Enter URL as http://www.ntltaxi.com/...................................passed
Then Enter User name as abcd................................................passed
And Enter phone number as 3333333333........................................passed
When Select pickup address as Adaya.........................................passed
Then Select drop adress as Tambaram.........................................passed
And Select vehicle type as Sedan............................................passed
But Dont select book button.................................................passed
]]></system-out>
</testcase>
<testcase classname="Validate NTL taxi home page" name="Validate NTL home page with valid data 4" time="2.211053">
<system-out><![CDATA[Given Open Browser as FIREFOX...............................................passed
Then Enter URL as http://www.ntltaxi.com/...................................passed
Then Enter User name as Test................................................passed
And Enter phone number as 4444444444........................................passed
When Select pickup address as Adaya.........................................passed
Then Select drop adress as Tambaram.........................................passed
And Select vehicle type as Sedan............................................passed
But Dont select book button.................................................passed
]]></system-out>
</testcase>
</testsuite>
