<?xml version="1.0" encoding="UTF-8"?>
<!-- Generated by org.testng.reporters.JUnitXMLReporter -->
<testsuite ignored="1" hostname="DESKTOP-KNVC375" failures="0" tests="3" name="Booking Test" time="0.094" errors="0" timestamp="06 Oct 2018 17:42:48 GMT">
  <testcase classname="groupingTest.GroupingTest" name="loginTest" time="0.033"/>
  <testcase classname="groupingTest.GroupingTest" name="RegistrationTest" time="0.005"/>
  <testcase classname="groupingTest.GroupingTest" name="bookingTest" time="0.004"/>
  <testcase classname="groupingTest.GroupingTest" name="cancelTest" time="0.0">
    <ignored/>
  </testcase> <!-- cancelTest -->
</testsuite> <!-- Booking Test -->
