<?xml version="1.0" encoding="UTF-8"?>
<testng-results total="0" passed="0" failed="0" skipped="0">
  <reporter-output>
  </reporter-output>
  <suite started-at="2018-10-27T07:45:36Z" name="Suite" finished-at="2018-10-27T07:45:43Z" duration-ms="6746">
    <groups>
    </groups>
    <test started-at="2018-10-27T07:45:36Z" name="Chrome Test" finished-at="2018-10-27T07:45:40Z" duration-ms="3694">
      <class name="oct18Test.October27Test">
        <test-method is-config="true" signature="beforetest(java.lang.String)[pri:0, instance:oct18Test.October27Test@291caca8]" started-at="2018-10-27T13:15:36Z" name="beforetest" finished-at="2018-10-27T13:15:40Z" duration-ms="3686" status="PASS">
          <params>
            <param index="0">
              <value>
                <![CDATA[Chrome]]>
              </value>
            </param>
          </params>
          <reporter-output>
          </reporter-output>
        </test-method> <!-- beforetest -->
      </class> <!-- oct18Test.October27Test -->
    </test> <!-- Chrome Test -->
    <test started-at="2018-10-27T07:45:36Z" name="firefox Test" finished-at="2018-10-27T07:45:43Z" duration-ms="6746">
      <class name="oct18Test.October27Test">
        <test-method is-config="true" signature="beforetest(java.lang.String)[pri:0, instance:oct18Test.October27Test@6f4a47c7]" started-at="2018-10-27T13:15:36Z" name="beforetest" finished-at="2018-10-27T13:15:43Z" duration-ms="6741" status="PASS">
          <params>
            <param index="0">
              <value>
                <![CDATA[Firefox]]>
              </value>
            </param>
          </params>
          <reporter-output>
          </reporter-output>
        </test-method> <!-- beforetest -->
      </class> <!-- oct18Test.October27Test -->
    </test> <!-- firefox Test -->
  </suite> <!-- Suite -->
</testng-results>
